<?xml version="1.0" encoding="UTF-8"?>
<!-- Generated by org.testng.reporters.JUnitReportReporter -->
<testsuite hostname="HMECL002505" failures="0" tests="1" name="com.guruworks.testcases.LoginTest" time="3.149" errors="0" timestamp="04 Aug 2021 10:25:10 GMT" skipped="0">
  <testcase classname="com.guruworks.testcases.LoginTest" name="loginApp" time="3.149"/>
</testsuite> <!-- com.guruworks.testcases.LoginTest -->
