<?xml version="1.0" encoding="UTF-8"?>
<!-- Generated by org.testng.reporters.JUnitReportReporter -->
<testsuite hostname="HMECL002505" failures="0" tests="1" name="com.guruworks.testcases.LoginTest" time="3.176" errors="0" timestamp="2021-08-04T23:18:52 IST" skipped="0">
  <testcase classname="com.guruworks.testcases.LoginTest" name="loginApp" time="3.176"/>
  <system-out/>
</testsuite> <!-- com.guruworks.testcases.LoginTest -->
